#
# A fatal error has been detected by the Java Runtime Environment:
#
#  SIGSEGV (0xb) at pc=0x00007f65d987c755, pid=12958, tid=13172
#
# JRE version: OpenJDK Runtime Environment (15.0+36) (build 15+36-1562)
# Java VM: OpenJDK 64-Bit Server VM (15+36-1562, mixed mode, tiered, compressed oops, g1 gc, linux-amd64)
# Problematic frame:
# J 994 c1 java.nio.DirectIntBufferU.get(I)I java.base@15 (33 bytes) @ 0x00007f65d987c755 [0x00007f65d987c6c0+0x0000000000000095]
#
# Core dump will be written. Default location: Core dumps may be processed with "/usr/share/apport/apport %p %s %c %d %P %E" (or dumping to /home/tarun/Downloads/test/core.12958)
#
# If you would like to submit a bug report, please visit:
#   https://bugreport.java.com/bugreport/crash.jsp
#

---------------  S U M M A R Y ------------

Command Line: -XX:+ShowCodeDetailsInExceptionMessages -agentlib:jdwp=transport=dt_socket,suspend=y,address=localhost:44203 -Dcom.sun.management.jmxremote -Dcom.sun.management.jmxremote.port=34155 -Dcom.sun.management.jmxremote.authenticate=false -Dcom.sun.management.jmxremote.ssl=false -Djava.rmi.server.hostname=localhost -Dspring.jmx.enabled=true -Dspring.application.admin.enabled=true -Djava.security.egd=file:/dev/./urandom -XX:TieredStopAtLevel=1 -Dspring.boot.project.name=test -javaagent:/home/tarun/Downloads/spring-tool-suite-4-4.8.1.RELEASE-e4.17.0-linux.gtk.x86_64/sts-4.8.1.RELEASE/configuration/org.eclipse.osgi/257/0/.cp/lib/javaagent-shaded.jar -Dfile.encoding=UTF-8 com.ongraph.test.TestApplication --spring.output.ansi.enabled=always

Host: Intel(R) Core(TM) i5-8250U CPU @ 1.60GHz, 8 cores, 7G, Ubuntu 20.04.2 LTS
Time: Thu Apr  8 23:35:07 2021 IST elapsed time: 121.841474 seconds (0d 0h 2m 1s)

---------------  T H R E A D  ---------------

Current thread (0x00007f65840021a0):  JavaThread "RMI TCP Connection(12)-127.0.0.1" daemon [_thread_in_Java, id=13172, stack(0x00007f65b388e000,0x00007f65b398f000)]

Stack: [0x00007f65b388e000,0x00007f65b398f000],  sp=0x00007f65b398a4e0,  free space=1009k
Native frames: (J=compiled Java code, A=aot compiled Java code, j=interpreted, Vv=VM code, C=native code)
J 994 c1 java.nio.DirectIntBufferU.get(I)I java.base@15 (33 bytes) @ 0x00007f65d987c755 [0x00007f65d987c6c0+0x0000000000000095]
J 1201 c1 jdk.internal.jimage.BasicImageReader.findLocation(Ljava/lang/String;Ljava/lang/String;)Ljdk/internal/jimage/ImageLocation; java.base@15 (115 bytes) @ 0x00007f65d98d4784 [0x00007f65d98d4640+0x0000000000000144]
J 1204 c1 jdk.internal.module.SystemModuleFinders$SystemModuleReader.findImageLocation(Ljava/lang/String;)Ljdk/internal/jimage/ImageLocation; java.base@15 (42 bytes) @ 0x00007f65d98d6114 [0x00007f65d98d6080+0x0000000000000094]
J 1205 c1 jdk.internal.module.SystemModuleFinders$SystemModuleReader.find(Ljava/lang/String;)Ljava/util/Optional; java.base@15 (54 bytes) @ 0x00007f65d98d6934 [0x00007f65d98d68e0+0x0000000000000054]
J 2073 c1 jdk.internal.loader.BuiltinClassLoader$2.run()Ljava/util/List; java.base@15 (114 bytes) @ 0x00007f65d9a6ad34 [0x00007f65d9a6ac20+0x0000000000000114]
J 2418 c1 jdk.internal.loader.BuiltinClassLoader.findMiscResource(Ljava/lang/String;)Ljava/util/List; java.base@15 (122 bytes) @ 0x00007f65d9af9b74 [0x00007f65d9af9780+0x00000000000003f4]
J 2646 c1 jdk.internal.loader.BuiltinClassLoader.findResource(Ljava/lang/String;)Ljava/net/URL; java.base@15 (154 bytes) @ 0x00007f65d9b644a4 [0x00007f65d9b642e0+0x00000000000001c4]
J 3732 c1 java.lang.ClassLoader.getResource(Ljava/lang/String;)Ljava/net/URL; java.base@15 (41 bytes) @ 0x00007f65d9d514ec [0x00007f65d9d51460+0x000000000000008c]
J 3732 c1 java.lang.ClassLoader.getResource(Ljava/lang/String;)Ljava/net/URL; java.base@15 (41 bytes) @ 0x00007f65d9d514cc [0x00007f65d9d51460+0x000000000000006c]
J 3202 c1 java.lang.ClassLoader.getResourceAsStream(Ljava/lang/String;)Ljava/io/InputStream; java.base@15 (27 bytes) @ 0x00007f65d9c5493c [0x00007f65d9c548e0+0x000000000000005c]
j  org.apache.catalina.loader.WebappClassLoaderBase.getResourceAsStream(Ljava/lang/String;)Ljava/io/InputStream;+122
j  org.apache.catalina.loader.WebappClassLoaderBase.clearReferencesJdbc()V+12
j  org.apache.catalina.loader.WebappClassLoaderBase.clearReferences()V+67
j  org.apache.catalina.loader.WebappClassLoaderBase.stop()V+8
j  org.apache.catalina.loader.WebappLoader.stopInternal()V+63
j  org.apache.catalina.util.LifecycleBase.stop()V+214
j  org.apache.catalina.core.StandardContext.stopInternal()V+363
j  org.apache.catalina.util.LifecycleBase.stop()V+214
j  org.apache.catalina.core.ContainerBase$StopChild.call()Ljava/lang/Void;+19
j  org.apache.catalina.core.ContainerBase$StopChild.call()Ljava/lang/Object;+1
j  java.util.concurrent.FutureTask.run()V+39 java.base@15
j  org.apache.tomcat.util.threads.InlineExecutorService.execute(Ljava/lang/Runnable;)V+38
j  java.util.concurrent.AbstractExecutorService.submit(Ljava/util/concurrent/Callable;)Ljava/util/concurrent/Future;+20 java.base@15
j  org.apache.catalina.core.ContainerBase.stopInternal()V+123
j  org.apache.catalina.util.LifecycleBase.stop()V+214
j  org.apache.catalina.core.ContainerBase$StopChild.call()Ljava/lang/Void;+19
j  org.apache.catalina.core.ContainerBase$StopChild.call()Ljava/lang/Object;+1
j  java.util.concurrent.FutureTask.run()V+39 java.base@15
j  org.apache.tomcat.util.threads.InlineExecutorService.execute(Ljava/lang/Runnable;)V+38
j  java.util.concurrent.AbstractExecutorService.submit(Ljava/util/concurrent/Callable;)Ljava/util/concurrent/Future;+20 java.base@15
j  org.apache.catalina.core.ContainerBase.stopInternal()V+123
j  org.apache.catalina.util.LifecycleBase.stop()V+214
j  org.apache.catalina.core.StandardService.stopInternal()V+217
j  org.apache.catalina.util.LifecycleBase.stop()V+214
j  org.apache.catalina.core.StandardServer.stopInternal()V+82
j  org.apache.catalina.util.LifecycleBase.stop()V+214
j  org.apache.catalina.startup.Tomcat.stop()V+9
j  org.springframework.boot.web.embedded.tomcat.TomcatWebServer.stopTomcat()V+29
j  org.springframework.boot.web.embedded.tomcat.TomcatWebServer.stop()V+32
j  org.springframework.boot.web.servlet.context.WebServerStartStopLifecycle.stop()V+4
j  org.springframework.context.SmartLifecycle.stop(Ljava/lang/Runnable;)V+1
j  org.springframework.context.support.DefaultLifecycleProcessor.doStop(Ljava/util/Map;Ljava/lang/String;Ljava/util/concurrent/CountDownLatch;Ljava/util/Set;)V+174
j  org.springframework.context.support.DefaultLifecycleProcessor.access$300(Lorg/springframework/context/support/DefaultLifecycleProcessor;Ljava/util/Map;Ljava/lang/String;Ljava/util/concurrent/CountDownLatch;Ljava/util/Set;)V+6
j  org.springframework.context.support.DefaultLifecycleProcessor$LifecycleGroup.stop()V+176
j  org.springframework.context.support.DefaultLifecycleProcessor.stopBeans()V+100
j  org.springframework.context.support.DefaultLifecycleProcessor.onClose()V+1
j  org.springframework.context.support.AbstractApplicationContext.doClose()V+111
j  org.springframework.boot.web.servlet.context.ServletWebServerApplicationContext.doClose()V+15
j  org.springframework.context.support.AbstractApplicationContext.close()V+8
j  org.springframework.boot.admin.SpringApplicationAdminMXBeanRegistrar$SpringApplicationAdmin.shutdown()V+17
v  ~StubRoutines::call_stub
V  [libjvm.so+0x773149]
V  [libjvm.so+0xbd1df1]